{"/home/eric-shared/PhpstormProjects/librarian/resources/js/utils/dateNormalizer.js": {"path":"/home/eric-shared/PhpstormProjects/librarian/resources/js/utils/dateNormalizer.js","statementMap":{"0":{"start":{"line":4,"column":12},"end":{"line":4,"column":30}},"1":{"start":{"line":5,"column":2},"end":{"line":5,"column":49}},"2":{"start":{"line":9,"column":2},"end":{"line":9,"column":73}},"3":{"start":{"line":9,"column":61},"end":{"line":9,"column":73}},"4":{"start":{"line":11,"column":2},"end":{"line":13,"column":3}},"5":{"start":{"line":12,"column":4},"end":{"line":12,"column":95}},"6":{"start":{"line":15,"column":14},"end":{"line":15,"column":34}},"7":{"start":{"line":18,"column":2},"end":{"line":21,"column":3}},"8":{"start":{"line":19,"column":22},"end":{"line":19,"column":64}},"9":{"start":{"line":19,"column":48},"end":{"line":19,"column":63}},"10":{"start":{"line":20,"column":4},"end":{"line":20,"column":43}},"11":{"start":{"line":24,"column":2},"end":{"line":29,"column":3}},"12":{"start":{"line":25,"column":15},"end":{"line":25,"column":28}},"13":{"start":{"line":26,"column":4},"end":{"line":28,"column":5}},"14":{"start":{"line":27,"column":6},"end":{"line":27,"column":88}},"15":{"start":{"line":32,"column":16},"end":{"line":32,"column":60}},"16":{"start":{"line":33,"column":2},"end":{"line":44,"column":3}},"17":{"start":{"line":34,"column":15},"end":{"line":34,"column":37}},"18":{"start":{"line":35,"column":15},"end":{"line":35,"column":37}},"19":{"start":{"line":36,"column":14},"end":{"line":36,"column":36}},"20":{"start":{"line":37,"column":12},"end":{"line":37,"column":14}},"21":{"start":{"line":38,"column":12},"end":{"line":38,"column":14}},"22":{"start":{"line":39,"column":4},"end":{"line":42,"column":5}},"23":{"start":{"line":40,"column":6},"end":{"line":40,"column":13}},"24":{"start":{"line":41,"column":6},"end":{"line":41,"column":13}},"25":{"start":{"line":43,"column":4},"end":{"line":43,"column":43}},"26":{"start":{"line":47,"column":15},"end":{"line":47,"column":57}},"27":{"start":{"line":48,"column":2},"end":{"line":53,"column":3}},"28":{"start":{"line":49,"column":14},"end":{"line":49,"column":35}},"29":{"start":{"line":50,"column":14},"end":{"line":50,"column":35}},"30":{"start":{"line":51,"column":14},"end":{"line":51,"column":35}},"31":{"start":{"line":52,"column":4},"end":{"line":52,"column":43}},"32":{"start":{"line":56,"column":13},"end":{"line":56,"column":26}},"33":{"start":{"line":57,"column":2},"end":{"line":59,"column":3}},"34":{"start":{"line":58,"column":4},"end":{"line":58,"column":86}},"35":{"start":{"line":61,"column":2},"end":{"line":61,"column":14}},"36":{"start":{"line":64,"column":0},"end":{"line":64,"column":48}}},"fnMap":{"0":{"name":"normalizeDate","decl":{"start":{"line":3,"column":9},"end":{"line":3,"column":22}},"loc":{"start":{"line":3,"column":30},"end":{"line":6,"column":1}},"line":3},"1":{"name":"parseToDate","decl":{"start":{"line":8,"column":9},"end":{"line":8,"column":20}},"loc":{"start":{"line":8,"column":28},"end":{"line":62,"column":1}},"line":8},"2":{"name":"(anonymous_2)","decl":{"start":{"line":19,"column":41},"end":{"line":19,"column":42}},"loc":{"start":{"line":19,"column":48},"end":{"line":19,"column":63}},"line":19}},"branchMap":{"0":{"loc":{"start":{"line":5,"column":9},"end":{"line":5,"column":48}},"type":"cond-expr","locations":[{"start":{"line":5,"column":13},"end":{"line":5,"column":41}},{"start":{"line":5,"column":44},"end":{"line":5,"column":48}}],"line":5},"1":{"loc":{"start":{"line":9,"column":2},"end":{"line":9,"column":73}},"type":"if","locations":[{"start":{"line":9,"column":2},"end":{"line":9,"column":73}},{"start":{},"end":{}}],"line":9},"2":{"loc":{"start":{"line":9,"column":6},"end":{"line":9,"column":59}},"type":"binary-expr","locations":[{"start":{"line":9,"column":6},"end":{"line":9,"column":20}},{"start":{"line":9,"column":24},"end":{"line":9,"column":43}},{"start":{"line":9,"column":47},"end":{"line":9,"column":59}}],"line":9},"3":{"loc":{"start":{"line":11,"column":2},"end":{"line":13,"column":3}},"type":"if","locations":[{"start":{"line":11,"column":2},"end":{"line":13,"column":3}},{"start":{},"end":{}}],"line":11},"4":{"loc":{"start":{"line":11,"column":6},"end":{"line":11,"column":44}},"type":"binary-expr","locations":[{"start":{"line":11,"column":6},"end":{"line":11,"column":27}},{"start":{"line":11,"column":31},"end":{"line":11,"column":44}}],"line":11},"5":{"loc":{"start":{"line":18,"column":2},"end":{"line":21,"column":3}},"type":"if","locations":[{"start":{"line":18,"column":2},"end":{"line":21,"column":3}},{"start":{},"end":{}}],"line":18},"6":{"loc":{"start":{"line":24,"column":2},"end":{"line":29,"column":3}},"type":"if","locations":[{"start":{"line":24,"column":2},"end":{"line":29,"column":3}},{"start":{},"end":{}}],"line":24},"7":{"loc":{"start":{"line":26,"column":4},"end":{"line":28,"column":5}},"type":"if","locations":[{"start":{"line":26,"column":4},"end":{"line":28,"column":5}},{"start":{},"end":{}}],"line":26},"8":{"loc":{"start":{"line":33,"column":2},"end":{"line":44,"column":3}},"type":"if","locations":[{"start":{"line":33,"column":2},"end":{"line":44,"column":3}},{"start":{},"end":{}}],"line":33},"9":{"loc":{"start":{"line":39,"column":4},"end":{"line":42,"column":5}},"type":"if","locations":[{"start":{"line":39,"column":4},"end":{"line":42,"column":5}},{"start":{},"end":{}}],"line":39},"10":{"loc":{"start":{"line":48,"column":2},"end":{"line":53,"column":3}},"type":"if","locations":[{"start":{"line":48,"column":2},"end":{"line":53,"column":3}},{"start":{},"end":{}}],"line":48},"11":{"loc":{"start":{"line":57,"column":2},"end":{"line":59,"column":3}},"type":"if","locations":[{"start":{"line":57,"column":2},"end":{"line":59,"column":3}},{"start":{},"end":{}}],"line":57}},"s":{"0":9,"1":9,"2":10,"3":2,"4":8,"5":1,"6":7,"7":7,"8":1,"9":3,"10":1,"11":6,"12":1,"13":1,"14":1,"15":5,"16":5,"17":2,"18":2,"19":2,"20":2,"21":2,"22":2,"23":0,"24":0,"25":2,"26":3,"27":3,"28":1,"29":1,"30":1,"31":1,"32":2,"33":2,"34":0,"35":2,"36":1},"f":{"0":9,"1":10,"2":3},"b":{"0":[6,3],"1":[2,8],"2":[10,9,9],"3":[1,7],"4":[8,1],"5":[1,6],"6":[1,5],"7":[1,0],"8":[2,3],"9":[0,2],"10":[1,2],"11":[0,2]},"_coverageSchema":"1a1c01bbd47fc00a2c39e90264f33305004495a9","hash":"72e5b3fb08b67f062f58c1823e568abd047298a0"}
}
