TN:
SF:resources/js/utils/dateNormalizer.js
FN:3,normalizeDate
FN:8,parseToDate
FN:19,(anonymous_2)
FNF:3
FNH:3
FNDA:9,normalizeDate
FNDA:10,parseToDate
FNDA:3,(anonymous_2)
DA:4,9
DA:5,9
DA:9,10
DA:11,8
DA:12,1
DA:15,7
DA:18,7
DA:19,3
DA:20,1
DA:24,6
DA:25,1
DA:26,1
DA:27,1
DA:32,5
DA:33,5
DA:34,2
DA:35,2
DA:36,2
DA:37,2
DA:38,2
DA:39,2
DA:40,0
DA:41,0
DA:43,2
DA:47,3
DA:48,3
DA:49,1
DA:50,1
DA:51,1
DA:52,1
DA:56,2
DA:57,2
DA:58,0
DA:61,2
DA:64,1
LF:35
LH:32
BRDA:5,0,0,6
BRDA:5,0,1,3
BRDA:9,1,0,2
BRDA:9,1,1,8
BRDA:9,2,0,10
BRDA:9,2,1,9
BRDA:9,2,2,9
BRDA:11,3,0,1
BRDA:11,3,1,7
BRDA:11,4,0,8
BRDA:11,4,1,1
BRDA:18,5,0,1
BRDA:18,5,1,6
BRDA:24,6,0,1
BRDA:24,6,1,5
BRDA:26,7,0,1
BRDA:26,7,1,0
BRDA:33,8,0,2
BRDA:33,8,1,3
BRDA:39,9,0,0
BRDA:39,9,1,2
BRDA:48,10,0,1
BRDA:48,10,1,2
BRDA:57,11,0,0
BRDA:57,11,1,2
BRF:25
BRH:22
end_of_record
